build/app/intermediates/manifest_merge_blame_file/debug/manifest-merger-blame-debug-report.txt
1<?xml version="1.0" encoding="utf-8"?>
2<manifest xmlns:android="http://schemas.android.com/apk/res/android"
3    package="com.example.dinefine"
4    android:versionCode="1"
5    android:versionName="1.0.0" >
6
7    <uses-sdk
8        android:minSdkVersion="16"
9        android:targetSdkVersion="28" />
10    <!--
11         Flutter needs it to communicate with the running application
12         to allow setting breakpoints, to provide hot reload, etc.
13    -->
14    <uses-permission android:name="android.permission.INTERNET" />
14-->src/debug/AndroidManifest.xml:6:5-66
14-->src/debug/AndroidManifest.xml:6:22-64
15    <!-- Although the *SdkVersion is captured in gradle build files, this is required for non gradle builds -->
16    <!-- <uses-sdk android:minSdkVersion="14" /> -->
17    <uses-permission android:name="android.permission.ACCESS_NETWORK_STATE" />
17-->[com.google.firebase:firebase-firestore:21.7.1] AndroidManifest.xml:13:5-79
17-->[com.google.firebase:firebase-firestore:21.7.1] AndroidManifest.xml:13:22-76
18    <uses-permission android:name="android.permission.WAKE_LOCK" />
18-->[com.google.android.gms:play-services-measurement:17.6.0] AndroidManifest.xml:25:5-68
18-->[com.google.android.gms:play-services-measurement:17.6.0] AndroidManifest.xml:25:22-65
19    <uses-permission android:name="com.google.android.finsky.permission.BIND_GET_INSTALL_REFERRER_SERVICE" />
19-->[com.google.android.gms:play-services-measurement:17.6.0] AndroidManifest.xml:26:5-110
19-->[com.google.android.gms:play-services-measurement:17.6.0] AndroidManifest.xml:26:22-107
20    <!--
21 io.flutter.app.FlutterApplication is an android.app.Application that
22         calls FlutterMain.startInitialization(this); in its onCreate method.
23         In most cases you can leave this as-is, but you if you want to provide
24         additional functionality it is fine to subclass or reimplement
25         FlutterApplication and put your custom class here.
26    -->
27    <application
27-->src/main/AndroidManifest.xml:8:5-46:19
28        android:name="io.flutter.app.FlutterApplication"
28-->src/main/AndroidManifest.xml:9:9-57
29        android:appComponentFactory="androidx.core.app.CoreComponentFactory"
29-->[androidx.core:core:1.1.0] AndroidManifest.xml:24:18-86
30        android:debuggable="true"
31        android:icon="@mipmap/ic_launcher"
31-->src/main/AndroidManifest.xml:11:9-43
32        android:label="dinefineapp"
32-->src/main/AndroidManifest.xml:10:9-36
33        android:supportsRtl="true" >
33-->[com.facebook.android:facebook-login:5.5.1] AndroidManifest.xml:28:18-44
34        <activity
34-->src/main/AndroidManifest.xml:12:9-40:20
35            android:name="com.example.dinefineapp.MainActivity"
35-->src/main/AndroidManifest.xml:13:13-41
36            android:configChanges="orientation|keyboardHidden|keyboard|screenSize|smallestScreenSize|locale|layoutDirection|fontScale|screenLayout|density|uiMode"
36-->src/main/AndroidManifest.xml:16:13-163
37            android:hardwareAccelerated="true"
37-->src/main/AndroidManifest.xml:17:13-47
38            android:launchMode="singleTop"
38-->src/main/AndroidManifest.xml:14:13-43
39            android:theme="@style/LaunchTheme"
39-->src/main/AndroidManifest.xml:15:13-47
40            android:windowSoftInputMode="adjustResize" >
40-->src/main/AndroidManifest.xml:18:13-55
41
42            <!--
43                 Specifies an Android theme to apply to this Activity as soon as
44                 the Android process has started. This theme is visible to the user
45                 while the Flutter UI initializes. After that, this theme continues
46                 to determine the Window background behind the Flutter UI.
47            -->
48            <meta-data
48-->src/main/AndroidManifest.xml:23:13-26:17
49                android:name="io.flutter.embedding.android.NormalTheme"
49-->src/main/AndroidManifest.xml:24:15-70
50                android:resource="@style/NormalTheme" />
50-->src/main/AndroidManifest.xml:25:15-52
51            <!--
52                 Displays an Android View that continues showing the launch screen
53                 Drawable until Flutter paints its first frame, then this splash
54                 screen fades out. A splash screen is useful to avoid any visual
55                 gap between the end of Android's launch screen and the painting of
56                 Flutter's first frame.
57            -->
58            <meta-data
58-->src/main/AndroidManifest.xml:32:13-35:17
59                android:name="io.flutter.embedding.android.SplashScreenDrawable"
59-->src/main/AndroidManifest.xml:33:15-79
60                android:resource="@drawable/launch_background" />
60-->src/main/AndroidManifest.xml:34:15-61
61
62            <intent-filter>
62-->src/main/AndroidManifest.xml:36:13-39:29
63                <action android:name="android.intent.action.MAIN" />
63-->src/main/AndroidManifest.xml:37:17-68
63-->src/main/AndroidManifest.xml:37:25-66
64
65                <category android:name="android.intent.category.LAUNCHER" />
65-->src/main/AndroidManifest.xml:38:17-76
65-->src/main/AndroidManifest.xml:38:27-74
66            </intent-filter>
67        </activity>
68        <!--
69             Don't delete the meta-data below.
70             This is used by the Flutter tool to generate GeneratedPluginRegistrant.java
71        -->
72        <meta-data
72-->src/main/AndroidManifest.xml:43:9-45:33
73            android:name="flutterEmbedding"
73-->src/main/AndroidManifest.xml:44:13-44
74            android:value="2" />
74-->src/main/AndroidManifest.xml:45:13-30
75
76        <service
76-->[:firebase_storage] AndroidManifest.xml:8:9-12:19
77            android:name="com.google.firebase.components.ComponentDiscoveryService"
77-->[:firebase_storage] AndroidManifest.xml:8:18-89
78            android:directBootAware="true"
78-->[com.google.firebase:firebase-common:19.3.1] AndroidManifest.xml:35:13-43
79            android:exported="false" >
79-->[com.google.firebase:firebase-auth:19.4.0] AndroidManifest.xml:35:13-37
80            <meta-data
80-->[:firebase_storage] AndroidManifest.xml:9:13-11:85
81                android:name="com.google.firebase.components:io.flutter.plugins.firebase.storage.FlutterFirebaseAppRegistrar"
81-->[:firebase_storage] AndroidManifest.xml:10:17-126
82                android:value="com.google.firebase.components.ComponentRegistrar" />
82-->[:firebase_storage] AndroidManifest.xml:11:17-82
83            <meta-data
83-->[:firebase_auth] AndroidManifest.xml:9:13-11:85
84                android:name="com.google.firebase.components:io.flutter.plugins.firebaseauth.FlutterFirebaseAppRegistrar"
84-->[:firebase_auth] AndroidManifest.xml:10:17-122
85                android:value="com.google.firebase.components.ComponentRegistrar" />
85-->[:firebase_auth] AndroidManifest.xml:11:17-82
86            <meta-data
86-->[:cloud_firestore] AndroidManifest.xml:9:13-11:85
87                android:name="com.google.firebase.components:io.flutter.plugins.firebase.cloudfirestore.FlutterFirebaseAppRegistrar"
87-->[:cloud_firestore] AndroidManifest.xml:10:17-133
88                android:value="com.google.firebase.components.ComponentRegistrar" />
88-->[:cloud_firestore] AndroidManifest.xml:11:17-82
89            <meta-data
89-->[:firebase_core] AndroidManifest.xml:9:13-11:85
90                android:name="com.google.firebase.components:io.flutter.plugins.firebase.core.FlutterFirebaseAppRegistrar"
90-->[:firebase_core] AndroidManifest.xml:10:17-123
91                android:value="com.google.firebase.components.ComponentRegistrar" />
91-->[:firebase_core] AndroidManifest.xml:11:17-82
92            <meta-data
92-->[com.google.firebase:firebase-auth:19.4.0] AndroidManifest.xml:36:13-38:85
93                android:name="com.google.firebase.components:com.google.firebase.auth.FirebaseAuthRegistrar"
93-->[com.google.firebase:firebase-auth:19.4.0] AndroidManifest.xml:37:17-109
94                android:value="com.google.firebase.components.ComponentRegistrar" />
94-->[com.google.firebase:firebase-auth:19.4.0] AndroidManifest.xml:38:17-82
95            <meta-data
95-->[com.google.firebase:firebase-firestore:21.7.1] AndroidManifest.xml:20:13-22:85
96                android:name="com.google.firebase.components:com.google.firebase.firestore.FirestoreRegistrar"
96-->[com.google.firebase:firebase-firestore:21.7.1] AndroidManifest.xml:21:17-111
97                android:value="com.google.firebase.components.ComponentRegistrar" />
97-->[com.google.firebase:firebase-firestore:21.7.1] AndroidManifest.xml:22:17-82
98            <meta-data
98-->[com.google.android.gms:play-services-measurement-api:17.6.0] AndroidManifest.xml:30:13-32:85
99                android:name="com.google.firebase.components:com.google.firebase.analytics.connector.internal.AnalyticsConnectorRegistrar"
99-->[com.google.android.gms:play-services-measurement-api:17.6.0] AndroidManifest.xml:31:17-139
100                android:value="com.google.firebase.components.ComponentRegistrar" />
100-->[com.google.android.gms:play-services-measurement-api:17.6.0] AndroidManifest.xml:32:17-82
101            <meta-data
101-->[com.google.firebase:firebase-storage:19.2.0] AndroidManifest.xml:33:13-35:85
102                android:name="com.google.firebase.components:com.google.firebase.storage.StorageRegistrar"
102-->[com.google.firebase:firebase-storage:19.2.0] AndroidManifest.xml:34:17-107
103                android:value="com.google.firebase.components.ComponentRegistrar" />
103-->[com.google.firebase:firebase-storage:19.2.0] AndroidManifest.xml:35:17-82
104            <meta-data
104-->[com.google.firebase:firebase-installations:16.3.2] AndroidManifest.xml:17:13-19:85
105                android:name="com.google.firebase.components:com.google.firebase.installations.FirebaseInstallationsRegistrar"
105-->[com.google.firebase:firebase-installations:16.3.2] AndroidManifest.xml:18:17-127
106                android:value="com.google.firebase.components.ComponentRegistrar" />
106-->[com.google.firebase:firebase-installations:16.3.2] AndroidManifest.xml:19:17-82
107        </service>
108
109        <activity
109-->[com.google.firebase:firebase-auth:19.4.0] AndroidManifest.xml:24:9-31:50
110            android:name="com.google.firebase.auth.internal.FederatedSignInActivity"
110-->[com.google.firebase:firebase-auth:19.4.0] AndroidManifest.xml:25:13-85
111            android:excludeFromRecents="true"
111-->[com.google.firebase:firebase-auth:19.4.0] AndroidManifest.xml:26:13-46
112            android:exported="true"
112-->[com.google.firebase:firebase-auth:19.4.0] AndroidManifest.xml:27:13-36
113            android:launchMode="singleTask"
113-->[com.google.firebase:firebase-auth:19.4.0] AndroidManifest.xml:28:13-44
114            android:permission="com.google.firebase.auth.api.gms.permission.LAUNCH_FEDERATED_SIGN_IN"
114-->[com.google.firebase:firebase-auth:19.4.0] AndroidManifest.xml:29:13-102
115            android:theme="@android:style/Theme.Translucent.NoTitleBar" />
115-->[com.google.firebase:firebase-auth:19.4.0] AndroidManifest.xml:30:13-72
116        <activity
116-->[com.facebook.android:facebook-common:5.5.1] AndroidManifest.xml:29:9-32:66
117            android:name="com.facebook.FacebookActivity"
117-->[com.facebook.android:facebook-common:5.5.1] AndroidManifest.xml:30:13-57
118            android:configChanges="keyboard|keyboardHidden|screenLayout|screenSize|orientation"
118-->[com.facebook.android:facebook-common:5.5.1] AndroidManifest.xml:31:13-96
119            android:theme="@style/com_facebook_activity_theme" />
119-->[com.facebook.android:facebook-common:5.5.1] AndroidManifest.xml:32:13-63
120        <activity android:name="com.facebook.CustomTabMainActivity" />
120-->[com.facebook.android:facebook-common:5.5.1] AndroidManifest.xml:33:9-71
120-->[com.facebook.android:facebook-common:5.5.1] AndroidManifest.xml:33:19-68
121        <activity android:name="com.facebook.CustomTabActivity" />
121-->[com.facebook.android:facebook-common:5.5.1] AndroidManifest.xml:34:9-67
121-->[com.facebook.android:facebook-common:5.5.1] AndroidManifest.xml:34:19-64
122
123        <receiver
123-->[com.google.android.gms:play-services-measurement:17.6.0] AndroidManifest.xml:29:9-33:20
124            android:name="com.google.android.gms.measurement.AppMeasurementReceiver"
124-->[com.google.android.gms:play-services-measurement:17.6.0] AndroidManifest.xml:30:13-85
125            android:enabled="true"
125-->[com.google.android.gms:play-services-measurement:17.6.0] AndroidManifest.xml:31:13-35
126            android:exported="false" >
126-->[com.google.android.gms:play-services-measurement:17.6.0] AndroidManifest.xml:32:13-37
127        </receiver>
128
129        <service
129-->[com.google.android.gms:play-services-measurement:17.6.0] AndroidManifest.xml:35:9-38:40
130            android:name="com.google.android.gms.measurement.AppMeasurementService"
130-->[com.google.android.gms:play-services-measurement:17.6.0] AndroidManifest.xml:36:13-84
131            android:enabled="true"
131-->[com.google.android.gms:play-services-measurement:17.6.0] AndroidManifest.xml:37:13-35
132            android:exported="false" />
132-->[com.google.android.gms:play-services-measurement:17.6.0] AndroidManifest.xml:38:13-37
133        <service
133-->[com.google.android.gms:play-services-measurement:17.6.0] AndroidManifest.xml:39:9-43:72
134            android:name="com.google.android.gms.measurement.AppMeasurementJobService"
134-->[com.google.android.gms:play-services-measurement:17.6.0] AndroidManifest.xml:40:13-87
135            android:enabled="true"
135-->[com.google.android.gms:play-services-measurement:17.6.0] AndroidManifest.xml:41:13-35
136            android:exported="false"
136-->[com.google.android.gms:play-services-measurement:17.6.0] AndroidManifest.xml:42:13-37
137            android:permission="android.permission.BIND_JOB_SERVICE" />
137-->[com.google.android.gms:play-services-measurement:17.6.0] AndroidManifest.xml:43:13-69
138
139        <provider
139-->[com.google.firebase:firebase-common:19.3.1] AndroidManifest.xml:26:9-31:39
140            android:name="com.google.firebase.provider.FirebaseInitProvider"
140-->[com.google.firebase:firebase-common:19.3.1] AndroidManifest.xml:27:13-77
141            android:authorities="com.example.dinefine.firebaseinitprovider"
141-->[com.google.firebase:firebase-common:19.3.1] AndroidManifest.xml:28:13-72
142            android:directBootAware="true"
142-->[com.google.firebase:firebase-common:19.3.1] AndroidManifest.xml:29:13-43
143            android:exported="false"
143-->[com.google.firebase:firebase-common:19.3.1] AndroidManifest.xml:30:13-37
144            android:initOrder="100" />
144-->[com.google.firebase:firebase-common:19.3.1] AndroidManifest.xml:31:13-36
145
146        <activity
146-->[com.google.android.gms:play-services-base:17.1.0] AndroidManifest.xml:23:9-26:75
147            android:name="com.google.android.gms.common.api.GoogleApiActivity"
147-->[com.google.android.gms:play-services-base:17.1.0] AndroidManifest.xml:24:13-79
148            android:exported="false"
148-->[com.google.android.gms:play-services-base:17.1.0] AndroidManifest.xml:25:13-37
149            android:theme="@android:style/Theme.Translucent.NoTitleBar" />
149-->[com.google.android.gms:play-services-base:17.1.0] AndroidManifest.xml:26:13-72
150
151        <meta-data
151-->[com.google.android.gms:play-services-basement:17.0.0] AndroidManifest.xml:23:9-25:69
152            android:name="com.google.android.gms.version"
152-->[com.google.android.gms:play-services-basement:17.0.0] AndroidManifest.xml:24:13-58
153            android:value="@integer/google_play_services_version" />
153-->[com.google.android.gms:play-services-basement:17.0.0] AndroidManifest.xml:25:13-66
154        <!--
155         The initialization ContentProvider will call FacebookSdk.sdkInitialize automatically
156         with the application context. This config is merged in with the host app's manifest,
157         but there can only be one provider with the same authority activated at any given
158         point; so if the end user has two or more different apps that use Facebook SDK, only the
159         first one will be able to use the provider. To work around this problem, we use the
160         following placeholder in the authority to identify each host application as if it was
161         a completely different provider.
162        -->
163        <provider
163-->[com.facebook.android:facebook-core:5.5.1] AndroidManifest.xml:39:9-42:40
164            android:name="com.facebook.internal.FacebookInitProvider"
164-->[com.facebook.android:facebook-core:5.5.1] AndroidManifest.xml:40:13-70
165            android:authorities="com.example.dinefine.FacebookInitProvider"
165-->[com.facebook.android:facebook-core:5.5.1] AndroidManifest.xml:41:13-72
166            android:exported="false" />
166-->[com.facebook.android:facebook-core:5.5.1] AndroidManifest.xml:42:13-37
167
168        <receiver
168-->[com.facebook.android:facebook-core:5.5.1] AndroidManifest.xml:44:9-50:20
169            android:name="com.facebook.CurrentAccessTokenExpirationBroadcastReceiver"
169-->[com.facebook.android:facebook-core:5.5.1] AndroidManifest.xml:45:13-86
170            android:exported="false" >
170-->[com.facebook.android:facebook-core:5.5.1] AndroidManifest.xml:46:13-37
171            <intent-filter>
171-->[com.facebook.android:facebook-core:5.5.1] AndroidManifest.xml:47:13-49:29
172                <action android:name="com.facebook.sdk.ACTION_CURRENT_ACCESS_TOKEN_CHANGED" />
172-->[com.facebook.android:facebook-core:5.5.1] AndroidManifest.xml:48:17-95
172-->[com.facebook.android:facebook-core:5.5.1] AndroidManifest.xml:48:25-92
173            </intent-filter>
174        </receiver>
175        <receiver
175-->[com.facebook.android:facebook-core:5.5.1] AndroidManifest.xml:51:9-58:20
176            android:name="com.facebook.CampaignTrackingReceiver"
176-->[com.facebook.android:facebook-core:5.5.1] AndroidManifest.xml:52:13-65
177            android:exported="true"
177-->[com.facebook.android:facebook-core:5.5.1] AndroidManifest.xml:53:13-36
178            android:permission="android.permission.INSTALL_PACKAGES" >
178-->[com.facebook.android:facebook-core:5.5.1] AndroidManifest.xml:54:13-69
179            <intent-filter>
179-->[com.facebook.android:facebook-core:5.5.1] AndroidManifest.xml:55:13-57:29
180                <action android:name="com.android.vending.INSTALL_REFERRER" />
180-->[com.facebook.android:facebook-core:5.5.1] AndroidManifest.xml:56:17-79
180-->[com.facebook.android:facebook-core:5.5.1] AndroidManifest.xml:56:25-76
181            </intent-filter>
182        </receiver>
183    </application>
184
185</manifest>